


ARM Macro Assembler    Page 1 


    1 00000000         
    2 00000000         
    3 00000000         ;*******************************************************
                       *****************
    4 00000000                 THUMB
    5 00000000                 REQUIRE8
    6 00000000                 PRESERVE8
    7 00000000         ;*******************************************************
                       *****************
    8 00000000         
    9 00000000                 include          REG_UTILES.inc
    1 00000000         
    2 00000000         ;**************************************
    3 00000000         ;     Les adresess utiles  
    4 00000000         ;***************************************
    5 00000000         
    6 00000000         
    7 00000000         ;**************************************
    8 00000000         ;     Affectation des bits GPIO  
    9 00000000         ;***************************************
   10 00000000         ; GSLCK..... PA0 
   11 00000000         ; DSPRG..... PA1 
   12 00000000         ; BLANK..... PA2 
   13 00000000         ; XLAT...... PA3
   14 00000000         ; VPRG...... PA4
   15 00000000         ; SCLK...... PA5
   16 00000000         ; SIN1...... PA7
   17 00000000         ;Capteur.....PA8
   18 00000000         
   19 00000000         ;LED.........PB10
   20 00000000         ;****************************************/
   21 00000000         
   22 00000000         
   23 00000000         
   24 00000000 40010800 
                       GPIOBASEA
                               EQU              0X40010800
   25 00000000 40010C00 
                       GPIOBASEB
                               EQU              0X40010C00
   26 00000000         
   27 00000000 00000008 
                       OffsetInput
                               EQU              0x08
   28 00000000 0000000C 
                       OffsetOutput
                               EQU              0x0C
   29 00000000 00000010 
                       OffsetSet
                               EQU              0x10
   30 00000000 00000014 
                       OffsetReset
                               EQU              0x14
   31 00000000         
   32 00000000         
   33 00000000 00000080 
                       MaskSerial_In1
                               equ              0x80
   34 00000000 00000080 



ARM Macro Assembler    Page 2 


                       MaskSerial_Dots
                               equ              0x80
   35 00000000 00000010 
                       MaskVprg
                               equ              0x10
   36 00000000 00000008 
                       MaskXlat
                               equ              0x08
   37 00000000 00000004 
                       MaskBlank
                               equ              0x04
   38 00000000 00000020 
                       MaskSclk
                               equ              0x20
   39 00000000 00000002 
                       MaskDsprg
                               equ              0x02
   40 00000000 00000001 
                       MaskGsclk
                               equ              0x01
   41 00000000         
   42 00000000         
   43 00000000 E000ED08 
                       SCB_VTOR
                               EQU              0xE000ED08
   44 00000000 40012C10 
                       TIM1_SR EQU              0x40012c10
   45 00000000 40012C24 
                       TIM1_CNT
                               EQU              0x40012c24
   46 00000000 4000082C 
                       TIM4_ARR
                               EQU              0x4000082C
   47 00000000 40000810 
                       TIM4_SR EQU              0x40000810
   48 00000000         
   49 00000000         
   50 00000000         
   51 00000000         
   52 00000000         
   53 00000000                 END
   10 00000000         
   11 00000000         
   12 00000000         ;*******************************************************
                       *****************
   13 00000000         ;      IMPORT/EXPORT Système
   14 00000000         ;*******************************************************
                       *****************
   15 00000000         
   16 00000000                 IMPORT           ||Lib$$Request$$armlib|| [CODE,
WEAK]
   17 00000000         
   18 00000000         
   19 00000000         
   20 00000000         
   21 00000000         ; IMPORT/EXPORT de procédure   
   22 00000000                 IMPORT           Barrette1
   23 00000000                 IMPORT           Barrette2
   24 00000000                 IMPORT           Barrette3



ARM Macro Assembler    Page 3 


   25 00000000         
   26 00000000                 IMPORT           Init_Cible
   27 00000000                 IMPORT           DriverGlobal
   28 00000000                 IMPORT           Tempo
   29 00000000                 IMPORT           DriverReg
   30 00000000                 IMPORT           DriverPile
   31 00000000                 IMPORT           CopieTVI
   32 00000000                 EXPORT           TVI
   33 00000000                 IMPORT           Allume_LED
   34 00000000                 IMPORT           Eteint_LED
   35 00000000         
   36 00000000         
   37 00000000                 EXPORT           main
   38 00000000         
   39 00000000         ;*******************************************************
                       ************************
   40 00000000         
   41 00000000         
   42 00000000         ;*******************************************************
                       ************************
   43 00000000                 AREA             mesdonnees, data, readwrite, al
ign= 9
   44 00000000         
   45 00000000 00 00 00 
              00 00 00 
              00 00 00 
              00 00 00 
              00 00 00 
              00 00 00 
              00 00 00 
              00 00 00 
              00 00 00 
              00 00 00 
              00 00 00 
              00 00 00 
              00 00 00 
              00 00 00 
              00 00 00 
              00 00 00 
              00 00 00 
              00 00 00 
              00 00 00 
              00 00 00 
              00 00 00 
              00 00 00 
              00 00 00 
              00 00 00 
              00 00 00 
              00 00 00 
              00 00 00 
              00 00 00 
              00 00 00 
              00 00 00 
              00 00 00 
              00 00 00 
              00 00 00 
              00 00 00 
              00 00 00 
              00 00 00 



ARM Macro Assembler    Page 4 


              00 00 00 
              00 00 00 
              00 00 00 
              00 00 00 
              00 00 00 
              00 00 00 
              00 00 00 
              00 00 00 
              00 00 00 
              00 00 00 
              00 00 00 
              00 00 00 
              00 00 00 
              00 00 00 
              00 00 00 
              00 00 00 
              00 00 00 
              00 00 00 
              00 00 00 
              00 00 00 
              00 00 00 
              00 00 00 
              00 00 00 
              00 00 00 
              00 00 00 
              00 00 00 
              00 00 00 
              00 00 00 
              00 00 00 
              00 00 00 
              00 00 00 
              00 00 00 
              00 00 00 
              00 00 00 
              00 00 00 
              00 00 00 
              00 00 00 
              00 00 00 
              00 00 00 
              00 00 00 
              00 00 00 
              00 00 00 
              00 00 00 
              00 00 00 
              00 00 00 
              00 00 00 
              00 00 00 
              00 00 00 
              00 00 00 
              00 00 00 
              00 00 00 
              00 00 00 
              00 00 00 
              00 00 00 
              00 00 00 
              00 00 00 
              00 00 00 
              00 00 00 
              00 00 00 



ARM Macro Assembler    Page 5 


              00 00 00 
              00 00 00 
              00 00 00 
              00 00 00 
              00 00 00 
              00 00 00 
              00 00 00 
              00 00 00 
              00 00 00 
              00 00 00 
              00 00 00 
              00 00 00 
              00 00 00 
              00 00 00 
              00 00 00 
              00 00 00 
              00 00 00 
              00 00 00 
              00 00 00 
              00 00 00 
              00 00 00 
              00 00 00 
              00 00 00 
              00 00 00 
              00 00 00 
              00 00 00 
              00 00 00 
              00 00 00 
              00 00 00 
              00 00 00 
              00 00 00 
              00 00 00 
              00 00 00 
              00 00 00 
              00 00 00 
              00 00 00 
              00 00 00 
              00 00 00 
              00 00 00 
              00 00 00 
              00 00 00 
              00 00 00 
              00 00 00 
              00 00 00 
              00 00 00 
              00 00 00 
              00 00 00 
              00 00 00 
              00 00 00 
              00 00 00 
              00 00 00 
              00 00 00 
              00 00 00 
              00 00 00 
              00 00 00 
              00 00 00 
              00 00 00 
              00 00 00 
              00 00 00 



ARM Macro Assembler    Page 6 


              00 00 00 
              00 00 00 
              00 00 00 
              00 00 00 
              00 00 00 
              00 00 00 
              00 00 00 
              00 00 00 
              00 00 00 
              00 00 00 
              00 00 00 
              00 00 00 
              00 00 00 
              00 00 00 
              00 00 00 
              00 00 00 
              00 00 00 
              00 00 00 
              00 00 00 
              00 00 00 
              00 00 00 
              00 00 00 
              00 00 00 
              00 00 00 
              00 00 00 
              00 00 00 
              00 00 00 
              00 00 00 
              00 00 00 
              00 00 00 
              00 00 00 
              00 00 00 
              00 00 00 
              00 00 00 
              00 00 00 
              00 00 00 
              00 00 00 
              00 00 00 
              00 00 00 
              00 00 00 
              00 00 00 
              00 00 00 
              00 00 00 
              00 00 00 
              00 00 00 
              00 00 00 
              00 00 00 
              00 00 00 
              00 00 00 
              00 00 00 
              00 00 00 
              00 00 00 
              00 00 00 
              00 00 00 
              00 00 00 
              00 00 00 
              00 00 00 
              00 00 00 
              00 00 00 



ARM Macro Assembler    Page 7 


              00 00 00 
              00 00 00 
              00 00 00 
              00 00 00 
              00 00 00 
              00 00 00 
              00 00 00 
              00 00 00 
              00 00 00 
              00 00 00 
              00 00 00 
              00 00 00 
              00 00 00 
              00 00 00 
              00 00 00 
              00 00 00 
              00 00 00 
              00 00 00 
              00 00 00 
              00 00 00 
              00 00 00 
              00 00 00 
              00 00 00 
              00 00 00 
              00 00 00 
              00 00 00 
              00 00 00 
              00 00 00 
              00 00 00 
              00 00 00 
              00 00 00 
              00 00 00 
              00 00 00 
              00 00 00 
              00 00 00 
              00 00 00 
              00 00 00 
              00 00 00 
              00 00 00 
              00 00 00 
              00 00 00 
              00 00 00 
              00 00 00 
              00 00 00 
              00 00 00 
              00 00 00 
              00 00 00 
              00 00 00 
              00 00 00 
              00 00 00 
              00 00 00 
              00 00 00 
              00 00 00 
              00 00 00 
              00 00 00 
              00 00 00 
              00 00 00 
              00 00 00 
              00 00 00 



ARM Macro Assembler    Page 8 


              00 00 00 
              00 00 00 
              00 00 00 
              00 00 00 
              00 00 00 
              00 00 00 
              00 00 00 
              00 00 00 
              00 00 00 
              00 00 00 
              00 00 00 
              00 00 00 
              00 00 00 
              00 00 00 
              00 00 00 
              00 00 00 
              00 00 00 
              00 00 00 
              00 00 00 
              00 00 00 
              00 00 00 
              00 00 00 
              00 00 00 
              00 00 00 
              00 00 00 
              00 00 00 
              00 00 00 
              00 00 00 
              00 00 00 
              00 00 00 
              00 00 00 
              00 00 00 
              00 00 00 
              00 00 00 
              00 00 00 
              00 00 00 
              00 00 00 
              00 00 00 
              00 00 00 
              00 00 00 
              00 00 00 
              00 00 00 
              00 00 00 
              00 00 00 
              00 00 00 
              00 00 00 
              00 00 00 
              00 00 00 
              00 00 00 
              00 00 00 
              00 00 00 
              00 00 00 
              00 00 00 
              00 00 00 
              00 00 00 
              00 00 00 
              00 00 00 
              00 00 00 
              00 00 00 



ARM Macro Assembler    Page 9 


              00 00 00 
              00 00 00 
              00 00 00 
              00 00 00 
              00 00 00 
              00 00 00 
              00 00 00 
              00 00 00 
              00 00 00 
              00 00 00 
              00       TVI     SPACE            1024
   46 00000400         
   47 00000400         ;*******************************************************
                       ************************
   48 00000400         
   49 00000400                 AREA             moncode, code, readonly
   50 00000000         
   51 00000000 03 00   OldEtat DCW              3
   52 00000002 00000005 
                       Nb      EQU              5
   53 00000002         
   54 00000002         ;*******************************************************
                       ************************
   55 00000002         ; Procédure principale et point d'entrée du projet
   56 00000002         ;*******************************************************
                       ************************
   57 00000002         main    PROC
   58 00000002         ;*******************************************************
                       ************************
   59 00000002         
   60 00000002         
   61 00000002 F04F 0002       MOV              R0,#2
   62 00000006 F7FF FFFE       BL               Init_Cible
   63 0000000A         
   64 0000000A 4B19            LDR              R3, =TVI
   65 0000000C F7FF FFFE       BL               CopieTVI
   66 00000010         
   67 00000010         
   68 00000010         ;*******************************************************
                       ***
   69 00000010         ;Détection front montant
   70 00000010         ;*******************************************************
                       ***
   71 00000010         
   72 00000010         
   73 00000010 4E18            LDR              R6, = OldEtat
   74 00000012         ;LDRSH R3, [R0]
   75 00000012 F04F 0005       LDR              R0, =Nb
   76 00000016 F9B0 B000       LDRSH            R11, [R0]
   77 0000001A         
   78 0000001A 4817            LDR              R0, =GPIOBASEA
   79 0000001C 8903            LDRH             R3, [R0, #OffsetInput] ;R3 repr
                                                            ésente OldEtat
   80 0000001E 6033            STR              R3, [R6]
   81 00000020 F403 7380       AND              R3, #(0x1<<8)
   82 00000024         
   83 00000024 F04F 0A00       MOV              R10, #0     ;R10 représente le 
                                                            nombre de tours act
                                                            uels



ARM Macro Assembler    Page 10 


   84 00000028         
   85 00000028 4813    inf     LDR              R0, =GPIOBASEA
   86 0000002A 8907            LDRH             R7, [R0, #OffsetInput] ;R7 repr
                                                            ésente l'état actue
                                                            l du capteur
   87 0000002C         
   88 0000002C 4813            LDR              R0, =GPIOBASEB
   89 0000002E F8B0 800C       LDRH             R8, [R0, #OffsetOutput] ;R8 rep
                                                            résente l'état de l
                                                            a LED
   90 00000032         
   91 00000032         
   92 00000032 F9B6 3000 
                       Si      LDRSH            R3, [R6]
   93 00000036 F407 7780       AND              R7, #(0x1<<8)
   94 0000003A         
   95 0000003A EBB7 0903       SUBS             R9, R7, R3
   96 0000003E D00E            BEQ              Sortie      ;Si R7 et R3 sont é
                                                            gales
   97 00000040         
   98 00000040 F417 7F80 
                       Oui     TST              R7, #(0x1 << 8) ;Si R7 front mo
                                                            ntant
   99 00000044 D00B            BEQ              Sortie      ;Cas d'un front des
                                                            cendant
  100 00000046         
  101 00000046 F418 6F80 
                       T_Oui   TST              R8, #(0x1 <<10)
  102 0000004A D004            BEQ              Eteinte     ;La LED est eteinte
                                                            
  103 0000004C         
  104 0000004C F7FF FFFE 
                       Allume  BL               Eteint_LED
  105 00000050 F10A 0A01       ADD              R10, #1
  106 00000054 E003            B                Sortie
  107 00000056         
  108 00000056 F7FF FFFE 
                       Eteinte BL               Allume_LED
  109 0000005A F10A 0A01       ADD              R10, #1
  110 0000005E         
  111 0000005E         
  112 0000005E         
  113 0000005E         Sortie                               ; Créer une variabl
                                                            e qui mémorise l'ét
                                                            at précédent et qu'
                                                            on compare à l'état
                                                             actuel
  114 0000005E 6037            STR              R7, [R6]
  115 00000060         
  116 00000060 45D3            CMP              R11, R10
  117 00000062 D102            BNE              Suite
  118 00000064 F7FF FFFE       BL               Allume_LED
  119 00000068         
  120 00000068         
  121 00000068         
  122 00000068 D000            BEQ              infini      ;Quand on a fait N 
                                                            tours
  123 0000006A         
  124 0000006A E7DD    Suite   B                inf



ARM Macro Assembler    Page 11 


  125 0000006C         
  126 0000006C         
  127 0000006C         
  128 0000006C         
  129 0000006C         
  130 0000006C E7FE    infini  B                infini      ; boucle infinie te
                                                            rminale ...
  131 0000006E         
  132 0000006E         
  133 0000006E         
  134 0000006E         
  135 0000006E                 ENDP
  136 0000006E         
  137 0000006E                 END
              00 00 00000000 
              00000000 
              40010800 
              40010C00 
Command Line: --debug --xref --diag_suppress=9931 --cpu=Cortex-M3 --apcs=interw
ork --depend=.\objects\principale.d -o.\objects\principale.o -I.\RTE\Device\STM
32F103RB -I.\RTE\_Simul_ -IC:\Programdata\Keil\Arm\Packs\ARM\CMSIS\5.7.0\CMSIS\
Core\Include -IC:\Programdata\Keil\Arm\Packs\Keil\STM32F1xx_DFP\2.3.0\Device\In
clude --predefine="__EVAL SETA 1" --predefine="__MICROLIB SETA 1" --predefine="
__UVISION_VERSION SETA 530" --predefine="_RTE_ SETA 1" --predefine="STM32F10X_M
D SETA 1" --predefine="_RTE_ SETA 1" --predefine="STM32F10X_MD SETA 1" --list=.
\listings\principale.lst Principale.asm



ARM Macro Assembler    Page 1 Alphabetic symbol ordering
Relocatable symbols

TVI 00000000

Symbol: TVI
   Definitions
      At line 45 in file Principale.asm
   Uses
      At line 32 in file Principale.asm
      At line 64 in file Principale.asm

mesdonnees 00000000

Symbol: mesdonnees
   Definitions
      At line 43 in file Principale.asm
   Uses
      None
Comment: mesdonnees unused
2 symbols



ARM Macro Assembler    Page 1 Alphabetic symbol ordering
Relocatable symbols

Allume 0000004C

Symbol: Allume
   Definitions
      At line 104 in file Principale.asm
   Uses
      None
Comment: Allume unused
Eteinte 00000056

Symbol: Eteinte
   Definitions
      At line 108 in file Principale.asm
   Uses
      At line 102 in file Principale.asm
Comment: Eteinte used once
OldEtat 00000000

Symbol: OldEtat
   Definitions
      At line 51 in file Principale.asm
   Uses
      At line 73 in file Principale.asm
Comment: OldEtat used once
Oui 00000040

Symbol: Oui
   Definitions
      At line 98 in file Principale.asm
   Uses
      None
Comment: Oui unused
Si 00000032

Symbol: Si
   Definitions
      At line 92 in file Principale.asm
   Uses
      None
Comment: Si unused
Sortie 0000005E

Symbol: Sortie
   Definitions
      At line 113 in file Principale.asm
   Uses
      At line 96 in file Principale.asm
      At line 99 in file Principale.asm
      At line 106 in file Principale.asm

Suite 0000006A

Symbol: Suite
   Definitions
      At line 124 in file Principale.asm
   Uses
      At line 117 in file Principale.asm
Comment: Suite used once
T_Oui 00000046



ARM Macro Assembler    Page 2 Alphabetic symbol ordering
Relocatable symbols


Symbol: T_Oui
   Definitions
      At line 101 in file Principale.asm
   Uses
      None
Comment: T_Oui unused
inf 00000028

Symbol: inf
   Definitions
      At line 85 in file Principale.asm
   Uses
      At line 124 in file Principale.asm
Comment: inf used once
infini 0000006C

Symbol: infini
   Definitions
      At line 130 in file Principale.asm
   Uses
      At line 122 in file Principale.asm
      At line 130 in file Principale.asm

main 00000002

Symbol: main
   Definitions
      At line 57 in file Principale.asm
   Uses
      At line 37 in file Principale.asm
Comment: main used once
moncode 00000000

Symbol: moncode
   Definitions
      At line 49 in file Principale.asm
   Uses
      None
Comment: moncode unused
12 symbols



ARM Macro Assembler    Page 1 Alphabetic symbol ordering
Absolute symbols

GPIOBASEA 40010800

Symbol: GPIOBASEA
   Definitions
      At line 24 in file REG_UTILES.inc
   Uses
      At line 78 in file Principale.asm
      At line 85 in file Principale.asm

GPIOBASEB 40010C00

Symbol: GPIOBASEB
   Definitions
      At line 25 in file REG_UTILES.inc
   Uses
      At line 88 in file Principale.asm
Comment: GPIOBASEB used once
MaskBlank 00000004

Symbol: MaskBlank
   Definitions
      At line 37 in file REG_UTILES.inc
   Uses
      None
Comment: MaskBlank unused
MaskDsprg 00000002

Symbol: MaskDsprg
   Definitions
      At line 39 in file REG_UTILES.inc
   Uses
      None
Comment: MaskDsprg unused
MaskGsclk 00000001

Symbol: MaskGsclk
   Definitions
      At line 40 in file REG_UTILES.inc
   Uses
      None
Comment: MaskGsclk unused
MaskSclk 00000020

Symbol: MaskSclk
   Definitions
      At line 38 in file REG_UTILES.inc
   Uses
      None
Comment: MaskSclk unused
MaskSerial_Dots 00000080

Symbol: MaskSerial_Dots
   Definitions
      At line 34 in file REG_UTILES.inc
   Uses
      None
Comment: MaskSerial_Dots unused
MaskSerial_In1 00000080




ARM Macro Assembler    Page 2 Alphabetic symbol ordering
Absolute symbols

Symbol: MaskSerial_In1
   Definitions
      At line 33 in file REG_UTILES.inc
   Uses
      None
Comment: MaskSerial_In1 unused
MaskVprg 00000010

Symbol: MaskVprg
   Definitions
      At line 35 in file REG_UTILES.inc
   Uses
      None
Comment: MaskVprg unused
MaskXlat 00000008

Symbol: MaskXlat
   Definitions
      At line 36 in file REG_UTILES.inc
   Uses
      None
Comment: MaskXlat unused
Nb 00000005

Symbol: Nb
   Definitions
      At line 52 in file Principale.asm
   Uses
      At line 75 in file Principale.asm
Comment: Nb used once
OffsetInput 00000008

Symbol: OffsetInput
   Definitions
      At line 27 in file REG_UTILES.inc
   Uses
      At line 79 in file Principale.asm
      At line 86 in file Principale.asm

OffsetOutput 0000000C

Symbol: OffsetOutput
   Definitions
      At line 28 in file REG_UTILES.inc
   Uses
      At line 89 in file Principale.asm
Comment: OffsetOutput used once
OffsetReset 00000014

Symbol: OffsetReset
   Definitions
      At line 30 in file REG_UTILES.inc
   Uses
      None
Comment: OffsetReset unused
OffsetSet 00000010

Symbol: OffsetSet
   Definitions



ARM Macro Assembler    Page 3 Alphabetic symbol ordering
Absolute symbols

      At line 29 in file REG_UTILES.inc
   Uses
      None
Comment: OffsetSet unused
SCB_VTOR E000ED08

Symbol: SCB_VTOR
   Definitions
      At line 43 in file REG_UTILES.inc
   Uses
      None
Comment: SCB_VTOR unused
TIM1_CNT 40012C24

Symbol: TIM1_CNT
   Definitions
      At line 45 in file REG_UTILES.inc
   Uses
      None
Comment: TIM1_CNT unused
TIM1_SR 40012C10

Symbol: TIM1_SR
   Definitions
      At line 44 in file REG_UTILES.inc
   Uses
      None
Comment: TIM1_SR unused
TIM4_ARR 4000082C

Symbol: TIM4_ARR
   Definitions
      At line 46 in file REG_UTILES.inc
   Uses
      None
Comment: TIM4_ARR unused
TIM4_SR 40000810

Symbol: TIM4_SR
   Definitions
      At line 47 in file REG_UTILES.inc
   Uses
      None
Comment: TIM4_SR unused
20 symbols



ARM Macro Assembler    Page 1 Alphabetic symbol ordering
External symbols

Allume_LED 00000000

Symbol: Allume_LED
   Definitions
      At line 33 in file Principale.asm
   Uses
      At line 108 in file Principale.asm
      At line 118 in file Principale.asm

Barrette1 00000000

Symbol: Barrette1
   Definitions
      At line 22 in file Principale.asm
   Uses
      None
Comment: Barrette1 unused
Barrette2 00000000

Symbol: Barrette2
   Definitions
      At line 23 in file Principale.asm
   Uses
      None
Comment: Barrette2 unused
Barrette3 00000000

Symbol: Barrette3
   Definitions
      At line 24 in file Principale.asm
   Uses
      None
Comment: Barrette3 unused
CopieTVI 00000000

Symbol: CopieTVI
   Definitions
      At line 31 in file Principale.asm
   Uses
      At line 65 in file Principale.asm
Comment: CopieTVI used once
DriverGlobal 00000000

Symbol: DriverGlobal
   Definitions
      At line 27 in file Principale.asm
   Uses
      None
Comment: DriverGlobal unused
DriverPile 00000000

Symbol: DriverPile
   Definitions
      At line 30 in file Principale.asm
   Uses
      None
Comment: DriverPile unused
DriverReg 00000000




ARM Macro Assembler    Page 2 Alphabetic symbol ordering
External symbols

Symbol: DriverReg
   Definitions
      At line 29 in file Principale.asm
   Uses
      None
Comment: DriverReg unused
Eteint_LED 00000000

Symbol: Eteint_LED
   Definitions
      At line 34 in file Principale.asm
   Uses
      At line 104 in file Principale.asm
Comment: Eteint_LED used once
Init_Cible 00000000

Symbol: Init_Cible
   Definitions
      At line 26 in file Principale.asm
   Uses
      At line 62 in file Principale.asm
Comment: Init_Cible used once
Tempo 00000000

Symbol: Tempo
   Definitions
      At line 28 in file Principale.asm
   Uses
      None
Comment: Tempo unused
|Lib$$Request$$armlib| 00000000

Symbol: |Lib$$Request$$armlib|
   Definitions
      At line 16 in file Principale.asm
   Uses
      None
Comment: |Lib$$Request$$armlib| unused
12 symbols
383 symbols in table
