


ARM Macro Assembler    Page 1 


    1 00000000         ;*******************************************************
                       ********************
    2 00000000                 THUMB
    3 00000000                 REQUIRE8
    4 00000000                 PRESERVE8
    5 00000000         
    6 00000000         ;*******************************************************
                       *******************
    7 00000000         ;  Fichier Vierge.asm
    8 00000000         ; Auteur : V.MAHOUT
    9 00000000         ; Date :  12/11/2013
   10 00000000         ;*******************************************************
                       *******************
   11 00000000         
   12 00000000         ;***************IMPORT/EXPORT***************************
                       *******************
   13 00000000                 EXPORT           Barrette1
   14 00000000                 EXPORT           Barrette2
   15 00000000                 EXPORT           Barrette3
   16 00000000         
   17 00000000         
   18 00000000         ;*******************************************************
                       *******************
   19 00000000         
   20 00000000         
   21 00000000         
   22 00000000         ;***************CONSTANTES******************************
                       *******************
   23 00000000         
   24 00000000                 include          REG_UTILES.inc
    1 00000000         
    2 00000000         ;**************************************
    3 00000000         ;     Les adresess utiles  
    4 00000000         ;***************************************
    5 00000000         
    6 00000000         
    7 00000000         ;**************************************
    8 00000000         ;     Affectation des bits GPIO  
    9 00000000         ;***************************************
   10 00000000         ; GSLCK..... PA0 
   11 00000000         ; DSPRG..... PA1 
   12 00000000         ; BLANK..... PA2 
   13 00000000         ; XLAT...... PA3
   14 00000000         ; VPRG...... PA4
   15 00000000         ; SCLK...... PA5
   16 00000000         ; SIN1...... PA7
   17 00000000         ;Capteur.....PA8
   18 00000000         
   19 00000000         ;LED.........PB10
   20 00000000         ;****************************************/
   21 00000000         
   22 00000000         
   23 00000000         
   24 00000000 40010800 
                       GPIOBASEA
                               EQU              0X40010800
   25 00000000 40010C00 
                       GPIOBASEB
                               EQU              0X40010C00



ARM Macro Assembler    Page 2 


   26 00000000         
   27 00000000 00000008 
                       OffsetInput
                               EQU              0x08
   28 00000000 0000000C 
                       OffsetOutput
                               EQU              0x0C
   29 00000000 00000010 
                       OffsetSet
                               EQU              0x10
   30 00000000 00000014 
                       OffsetReset
                               EQU              0x14
   31 00000000         
   32 00000000         
   33 00000000 00000080 
                       MaskSerial_In1
                               equ              0x80
   34 00000000 00000080 
                       MaskSerial_Dots
                               equ              0x80
   35 00000000 00000010 
                       MaskVprg
                               equ              0x10
   36 00000000 00000008 
                       MaskXlat
                               equ              0x08
   37 00000000 00000004 
                       MaskBlank
                               equ              0x04
   38 00000000 00000020 
                       MaskSclk
                               equ              0x20
   39 00000000 00000002 
                       MaskDsprg
                               equ              0x02
   40 00000000 00000001 
                       MaskGsclk
                               equ              0x01
   41 00000000         
   42 00000000         
   43 00000000 E000ED08 
                       SCB_VTOR
                               EQU              0xE000ED08
   44 00000000 40012C10 
                       TIM1_SR EQU              0x40012c10
   45 00000000 40012C24 
                       TIM1_CNT
                               EQU              0x40012c24
   46 00000000 4000082C 
                       TIM4_ARR
                               EQU              0x4000082C
   47 00000000 40000810 
                       TIM4_SR EQU              0x40000810
   48 00000000         
   49 00000000         
   50 00000000         
   51 00000000         
   52 00000000         



ARM Macro Assembler    Page 3 


   53 00000000                 END
   25 00000000         
   26 00000000         ;*******************************************************
                       *******************
   27 00000000         
   28 00000000         
   29 00000000         ;***************VARIABLES*******************************
                       *******************
   30 00000000                 AREA             MesDonnees, data, readwrite
   31 00000000         ;*******************************************************
                       *******************
   32 00000000         
   33 00000000 FF 00 00 
                       Barrette1
                               DCB              255,0,0
   34 00000003 00 00 00        DCB              0,0,0
   35 00000006 00 00 00        DCB              0,0,0
   36 00000009 00 00 00        DCB              0,0,0
   37 0000000C 00 00 00        DCB              0,0,0
   38 0000000F 00 00 00        DCB              0,0,0
   39 00000012 00 00 00        DCB              0,0,0
   40 00000015 00 00 00        DCB              0,0,0
   41 00000018 00 00 00        DCB              0,0,0
   42 0000001B 00 00 00        DCB              0,0,0
   43 0000001E 00 00 00        DCB              0,0,0
   44 00000021 00 00 00        DCB              0,0,0
   45 00000024 00 00 00        DCB              0,0,0
   46 00000027 00 00 00        DCB              0,0,0
   47 0000002A 00 00 00        DCB              0,0,0
   48 0000002D 00 00 FF        DCB              0,0,255
   49 00000030         
   50 00000030 FF 00 00 
                       Barrette2
                               DCB              255,0,0
   51 00000033 00 FF 00        DCB              0,255,0
   52 00000036 00 00 FF        DCB              0,0,255
   53 00000039 00 00 00        DCB              0,0,0
   54 0000003C 00 00 00        DCB              0,0,0
   55 0000003F 00 00 00        DCB              0,0,0
   56 00000042 00 00 00        DCB              0,0,0
   57 00000045 00 00 00        DCB              0,0,0
   58 00000048 00 00 00        DCB              0,0,0
   59 0000004B 00 00 00        DCB              0,0,0
   60 0000004E 00 00 00        DCB              0,0,0
   61 00000051 00 00 00        DCB              0,0,0
   62 00000054 00 00 00        DCB              0,0,0
   63 00000057 00 00 00        DCB              0,0,0
   64 0000005A 00 00 00        DCB              0,0,0
   65 0000005D 00 00 00        DCB              0,0,0
   66 00000060         
   67 00000060         
   68 00000060 FF 00 00 
                       Barrette3
                               DCB              255,0,0
   69 00000063 00 FF 00        DCB              0,255,0
   70 00000066 00 00 FF        DCB              0,0,255
   71 00000069 00 00 00        DCB              0,0,0
   72 0000006C 00 00 00        DCB              0,0,0
   73 0000006F 00 00 00        DCB              0,0,0



ARM Macro Assembler    Page 4 


   74 00000072 00 00 00        DCB              0,0,0
   75 00000075 00 00 00        DCB              0,0,0
   76 00000078 00 00 00        DCB              0,0,0
   77 0000007B 00 00 00        DCB              0,0,0
   78 0000007E 00 00 00        DCB              0,0,0
   79 00000081 00 00 00        DCB              0,0,0
   80 00000084 00 00 00        DCB              0,0,0
   81 00000087 00 00 FF        DCB              0,0,255
   82 0000008A 00 FF 00        DCB              0,255,0
   83 0000008D FF 00 00        DCB              255,0,0
   84 00000090         
   85 00000090         
   86 00000090         
   87 00000090         
   88 00000090                 END
Command Line: --debug --xref --diag_suppress=9931 --cpu=Cortex-M3 --apcs=interw
ork --depend=.\objects\lumiere.d -o.\objects\lumiere.o -I.\RTE\Device\STM32F107
VC -I.\RTE\_R_el -IC:\Programdata\Keil\Arm\Packs\ARM\CMSIS\5.7.0\CMSIS\Core\Inc
lude -IC:\Programdata\Keil\Arm\Packs\Keil\STM32F1xx_DFP\2.3.0\Device\Include --
predefine="__EVAL SETA 1" --predefine="__MICROLIB SETA 1" --predefine="__UVISIO
N_VERSION SETA 530" --predefine="_RTE_ SETA 1" --predefine="STM32F10X_CL SETA 1
" --predefine="_RTE_ SETA 1" --predefine="STM32F10X_CL SETA 1" --list=.\listing
s\lumiere.lst lumiere.asm



ARM Macro Assembler    Page 1 Alphabetic symbol ordering
Relocatable symbols

Barrette1 00000000

Symbol: Barrette1
   Definitions
      At line 33 in file lumiere.asm
   Uses
      At line 13 in file lumiere.asm
Comment: Barrette1 used once
Barrette2 00000030

Symbol: Barrette2
   Definitions
      At line 50 in file lumiere.asm
   Uses
      At line 14 in file lumiere.asm
Comment: Barrette2 used once
Barrette3 00000060

Symbol: Barrette3
   Definitions
      At line 68 in file lumiere.asm
   Uses
      At line 15 in file lumiere.asm
Comment: Barrette3 used once
MesDonnees 00000000

Symbol: MesDonnees
   Definitions
      At line 30 in file lumiere.asm
   Uses
      None
Comment: MesDonnees unused
4 symbols



ARM Macro Assembler    Page 1 Alphabetic symbol ordering
Absolute symbols

GPIOBASEA 40010800

Symbol: GPIOBASEA
   Definitions
      At line 24 in file REG_UTILES.inc
   Uses
      None
Comment: GPIOBASEA unused
GPIOBASEB 40010C00

Symbol: GPIOBASEB
   Definitions
      At line 25 in file REG_UTILES.inc
   Uses
      None
Comment: GPIOBASEB unused
MaskBlank 00000004

Symbol: MaskBlank
   Definitions
      At line 37 in file REG_UTILES.inc
   Uses
      None
Comment: MaskBlank unused
MaskDsprg 00000002

Symbol: MaskDsprg
   Definitions
      At line 39 in file REG_UTILES.inc
   Uses
      None
Comment: MaskDsprg unused
MaskGsclk 00000001

Symbol: MaskGsclk
   Definitions
      At line 40 in file REG_UTILES.inc
   Uses
      None
Comment: MaskGsclk unused
MaskSclk 00000020

Symbol: MaskSclk
   Definitions
      At line 38 in file REG_UTILES.inc
   Uses
      None
Comment: MaskSclk unused
MaskSerial_Dots 00000080

Symbol: MaskSerial_Dots
   Definitions
      At line 34 in file REG_UTILES.inc
   Uses
      None
Comment: MaskSerial_Dots unused
MaskSerial_In1 00000080

Symbol: MaskSerial_In1



ARM Macro Assembler    Page 2 Alphabetic symbol ordering
Absolute symbols

   Definitions
      At line 33 in file REG_UTILES.inc
   Uses
      None
Comment: MaskSerial_In1 unused
MaskVprg 00000010

Symbol: MaskVprg
   Definitions
      At line 35 in file REG_UTILES.inc
   Uses
      None
Comment: MaskVprg unused
MaskXlat 00000008

Symbol: MaskXlat
   Definitions
      At line 36 in file REG_UTILES.inc
   Uses
      None
Comment: MaskXlat unused
OffsetInput 00000008

Symbol: OffsetInput
   Definitions
      At line 27 in file REG_UTILES.inc
   Uses
      None
Comment: OffsetInput unused
OffsetOutput 0000000C

Symbol: OffsetOutput
   Definitions
      At line 28 in file REG_UTILES.inc
   Uses
      None
Comment: OffsetOutput unused
OffsetReset 00000014

Symbol: OffsetReset
   Definitions
      At line 30 in file REG_UTILES.inc
   Uses
      None
Comment: OffsetReset unused
OffsetSet 00000010

Symbol: OffsetSet
   Definitions
      At line 29 in file REG_UTILES.inc
   Uses
      None
Comment: OffsetSet unused
SCB_VTOR E000ED08

Symbol: SCB_VTOR
   Definitions
      At line 43 in file REG_UTILES.inc
   Uses



ARM Macro Assembler    Page 3 Alphabetic symbol ordering
Absolute symbols

      None
Comment: SCB_VTOR unused
TIM1_CNT 40012C24

Symbol: TIM1_CNT
   Definitions
      At line 45 in file REG_UTILES.inc
   Uses
      None
Comment: TIM1_CNT unused
TIM1_SR 40012C10

Symbol: TIM1_SR
   Definitions
      At line 44 in file REG_UTILES.inc
   Uses
      None
Comment: TIM1_SR unused
TIM4_ARR 4000082C

Symbol: TIM4_ARR
   Definitions
      At line 46 in file REG_UTILES.inc
   Uses
      None
Comment: TIM4_ARR unused
TIM4_SR 40000810

Symbol: TIM4_SR
   Definitions
      At line 47 in file REG_UTILES.inc
   Uses
      None
Comment: TIM4_SR unused
19 symbols
358 symbols in table
